0 verbose cli /home/engine/.nvm/versions/node/v24.16.0/bin/node /home/engine/.nvm/versions/node/v24.16.0/bin/npm
1 info using npm@11.13.0
2 info using node@v24.16.0
3 silly config load:file:/home/engine/.nvm/versions/node/v24.16.0/lib/node_modules/npm/npmrc
4 silly config load:file:/home/agent-lead/.npmrc
5 silly config load:file:/home/engine/.nvm/versions/node/v24.16.0/etc/npmrc
6 verbose title npm create vite@latest . --template react
7 verbose argv "create" "vite@latest" "." "--" "--template" "react"
8 verbose logfile logs-max:10 dir:/home/agent-lead/.npm/_logs/2026-06-09T06_46_00_666Z-
9 verbose logfile /home/agent-lead/.npm/_logs/2026-06-09T06_46_00_666Z-debug-0.log
10 silly logfile done cleaning log files
11 silly packumentCache heap:3298820096 maxSize:824705024 maxEntrySize:412352512
12 http fetch GET 200 https://registry.npmjs.org/create-vite 243ms (cache revalidated)
13 silly packumentCache heap:3298820096 maxSize:824705024 maxEntrySize:412352512
14 warn exec The following package was not found and will be installed: create-vite@9.0.7
15 silly idealTree buildDeps
16 silly fetch manifest create-vite@9.0.7
17 silly packumentCache full:https://registry.npmjs.org/create-vite cache-miss
18 http fetch GET 200 https://registry.npmjs.org/create-vite 92ms (cache miss)
19 silly packumentCache full:https://registry.npmjs.org/create-vite set size:undefined disposed:false
20 silly placeDep ROOT create-vite@9.0.7 OK for:  want: 9.0.7
21 silly reify moves {}
22 silly audit bulk request { 'create-vite': [ '9.0.7' ] }
23 http cache create-vite@https://registry.npmjs.org/create-vite/-/create-vite-9.0.7.tgz 0ms (cache hit)
24 silly tarball no local data for create-vite@https://registry.npmjs.org/create-vite/-/create-vite-9.0.7.tgz. Extracting by manifest.
25 http fetch POST 200 https://registry.npmjs.org/-/npm/v1/security/advisories/bulk 69ms
26 silly audit report {}
27 http fetch GET 200 https://registry.npmjs.org/create-vite/-/create-vite-9.0.7.tgz 346ms (cache miss)
28 verbose cwd /home/agent-lead
29 verbose os Linux 6.1.158+
30 verbose node v24.16.0
31 verbose npm  v11.13.0
32 verbose exit 0
33 info ok
