0 verbose cli /home/engine/.nvm/versions/node/v24.16.0/bin/node /home/engine/.nvm/versions/node/v24.16.0/bin/npm
1 info using npm@11.13.0
2 info using node@v24.16.0
3 silly config load:file:/home/engine/.nvm/versions/node/v24.16.0/lib/node_modules/npm/npmrc
4 silly config load:file:/home/agent-lead/.npmrc
5 silly config load:file:/home/engine/.nvm/versions/node/v24.16.0/etc/npmrc
6 verbose title npm install
7 verbose argv "install"
8 verbose logfile logs-max:10 dir:/home/agent-lead/.npm/_logs/2026-06-09T06_46_03_110Z-
9 verbose logfile /home/agent-lead/.npm/_logs/2026-06-09T06_46_03_110Z-debug-0.log
10 silly logfile done cleaning log files
11 silly packumentCache heap:3298820096 maxSize:824705024 maxEntrySize:412352512
12 silly idealTree buildDeps
13 silly reify moves {}
14 verbose stack Error: Could not read package.json: Error: ENOENT: no such file or directory, open '/home/agent-lead/package.json'
14 verbose stack     at async open (node:internal/fs/promises:640:25)
14 verbose stack     at async readFile (node:internal/fs/promises:1287:14)
14 verbose stack     at async read (/home/engine/.nvm/versions/node/v24.16.0/lib/node_modules/npm/node_modules/@npmcli/package-json/lib/read-package.js:9:18)
14 verbose stack     at async PackageJson.load (/home/engine/.nvm/versions/node/v24.16.0/lib/node_modules/npm/node_modules/@npmcli/package-json/lib/index.js:131:31)
14 verbose stack     at async PackageJson.normalize (/home/engine/.nvm/versions/node/v24.16.0/lib/node_modules/npm/node_modules/@npmcli/package-json/lib/index.js:117:5)
14 verbose stack     at async runScript (/home/engine/.nvm/versions/node/v24.16.0/lib/node_modules/npm/node_modules/@npmcli/run-script/lib/run-script.js:11:28)
14 verbose stack     at async Install.exec (/home/engine/.nvm/versions/node/v24.16.0/lib/node_modules/npm/lib/commands/install.js:159:9)
14 verbose stack     at async Npm.exec (/home/engine/.nvm/versions/node/v24.16.0/lib/node_modules/npm/lib/npm.js:193:9)
14 verbose stack     at async module.exports (/home/engine/.nvm/versions/node/v24.16.0/lib/node_modules/npm/lib/cli/entry.js:67:5)
15 error code ENOENT
16 error syscall open
17 error path /home/agent-lead/package.json
18 error errno -2
19 error enoent Could not read package.json: Error: ENOENT: no such file or directory, open '/home/agent-lead/package.json'
20 error enoent This is related to npm not being able to find a file.
20 error enoent
21 verbose cwd /home/agent-lead
22 verbose os Linux 6.1.158+
23 verbose node v24.16.0
24 verbose npm  v11.13.0
25 verbose exit -2
26 verbose code -2
27 error A complete log of this run can be found in: /home/agent-lead/.npm/_logs/2026-06-09T06_46_03_110Z-debug-0.log
